<?xml version="1.0" encoding="UTF-8"?>
<!-- Generated by org.testng.reporters.JUnitReportReporter -->
<testsuite hostname="LAPTOP-SBSE2B7E" failures="0" tests="3" name="ui.SkipDemoTest" time="0.002" errors="0" timestamp="2022-11-22T22:14:56 CST" skipped="2">
  <testcase classname="ui.SkipDemoTest" name="skipTest3" time="0.002"/>
  <system-out/>
  <testcase classname="ui.SkipDemoTest" name="skipTest1">
    <skipped/>
  </testcase> <!-- skipTest1 -->
  <system-out/>
  <testcase classname="ui.SkipDemoTest" name="skipTest2">
    <skipped/>
  </testcase> <!-- skipTest2 -->
  <system-out/>
</testsuite> <!-- ui.SkipDemoTest -->
