<?xml version="1.0" encoding="UTF-8"?>
<!-- Generated by org.testng.reporters.JUnitReportReporter -->
<testsuite hostname="LAPTOP-SBSE2B7E" failures="0" tests="1" name="ui.PagetitleTest" time="4.711" errors="0" timestamp="2022-11-23T09:58:25 CST" skipped="0">
  <testcase classname="ui.PagetitleTest" name="titleTest" time="4.711"/>
  <system-out/>
</testsuite> <!-- ui.PagetitleTest -->
