<?xml version="1.0" encoding="UTF-8"?>
<!-- Generated by org.testng.reporters.JUnitReportReporter -->
<testsuite hostname="LAPTOP-SBSE2B7E" failures="0" tests="1" name="ui.ebayTest" time="1.661" errors="0" timestamp="2022-11-23T09:56:10 CST" skipped="0">
  <testcase classname="ui.ebayTest" name="ebayTest1" time="1.661"/>
  <system-out/>
</testsuite> <!-- ui.ebayTest -->
