<?xml version="1.0" encoding="UTF-8"?>
<!-- Generated by org.testng.reporters.JUnitReportReporter -->
<testsuite hostname="LAPTOP-SBSE2B7E" failures="0" tests="4" name="ui.LoginTest" time="0.009" errors="0" timestamp="2022-11-23T09:58:25 CST" skipped="0">
  <testcase classname="ui.LoginTest" name="loginTest4" time="0.002"/>
  <system-out/>
  <testcase classname="ui.LoginTest" name="loginTest2" time="0.003"/>
  <system-out/>
  <testcase classname="ui.LoginTest" name="loginTest3" time="0.002"/>
  <system-out/>
  <testcase classname="ui.LoginTest" name="loginTest1" time="0.002"/>
  <system-out/>
</testsuite> <!-- ui.LoginTest -->
