<?xml version="1.0" encoding="UTF-8"?>
<!-- Generated by org.testng.reporters.JUnitReportReporter -->
<testsuite hostname="LAPTOP-SBSE2B7E" failures="0" tests="4" name="ui.DataProviderDemoTest" time="0.010" errors="0" timestamp="2022-11-22T22:14:56 CST" skipped="0">
  <testcase classname="ui.DataProviderDemoTest" name="test" time="0.006"/>
  <system-out/>
  <testcase classname="ui.DataProviderDemoTest" name="test" time="0.001"/>
  <system-out/>
  <testcase classname="ui.DataProviderDemoTest" name="test" time="0.001"/>
  <system-out/>
  <testcase classname="ui.DataProviderDemoTest" name="test" time="0.002"/>
  <system-out/>
</testsuite> <!-- ui.DataProviderDemoTest -->
